<?xml version="1.0" encoding="utf-8"?><testsuites name="pytest tests"><testsuite name="pytest" errors="0" failures="0" skipped="0" tests="30" time="9.473" timestamp="2026-08-26T18:21:40.265543+00:00" hostname="agent-env-d07b6c44-25b8-436f-8159-d064cb0aecda"><testcase classname="tests.backend_test" name="test_root" time="0.367" /><testcase classname="tests.backend_test" name="test_login_invalid" time="0.474" /><testcase classname="tests.backend_test" name="test_me_requires_auth" time="0.146" /><testcase classname="tests.backend_test" name="test_me_with_token" time="0.633" /><testcase classname="tests.backend_test" name="test_courses_seeded" time="0.173" /><testcase classname="tests.backend_test" name="test_events_seeded" time="0.217" /><testcase classname="tests.backend_test" name="test_articles_seeded" time="0.158" /><testcase classname="tests.backend_test" name="test_unknown_collection" time="0.167" /><testcase classname="tests.backend_test" name="test_contact_form_and_admin" time="0.401" /><testcase classname="tests.backend_test" name="test_agency_enquiry_and_admin" time="0.529" /><testcase classname="tests.backend_test" name="test_trial_class_and_admin" time="0.424" /><testcase classname="tests.backend_test" name="test_application_and_admin" time="0.397" /><testcase classname="tests.backend_test" name="test_newsletter_and_dedupe" time="0.379" /><testcase classname="tests.backend_test" name="test_community_and_admin" time="0.478" /><testcase classname="tests.backend_test" name="test_admin_applications_requires_auth" time="0.156" /><testcase classname="tests.backend_test" name="test_admin_unknown_collection" time="0.194" /><testcase classname="tests.backend_test" name="test_search_music" time="0.319" /><testcase classname="tests.backend_test" name="test_search_min_length" time="0.146" /><testcase classname="tests.backend_test" name="test_portfolio_projects_seeded" time="0.157" /><testcase classname="tests.backend_test" name="test_portfolio_project_detail" time="0.377" /><testcase classname="tests.backend_test" name="test_studios_projects_endpoint" time="0.128" /><testcase classname="tests.backend_test" name="test_jobs_seeded" time="0.169" /><testcase classname="tests.backend_test" name="test_job_detail_page_fields" time="0.278" /><testcase classname="tests.backend_test" name="test_products_seeded" time="0.159" /><testcase classname="tests.backend_test" name="test_product_detail" time="0.360" /><testcase classname="tests.backend_test" name="test_podcast_episodes_seeded" time="0.158" /><testcase classname="tests.backend_test" name="test_course_detail_endpoint" time="0.339" /><testcase classname="tests.backend_test" name="test_create_and_fetch_order" time="0.479" /><testcase classname="tests.backend_test" name="test_orders_admin_list" time="0.156" /><testcase classname="tests.backend_test" name="test_podcast_guest_via_contact" time="0.361" /></testsuite></testsuites>