<?xml version="1.0" encoding="utf-8"?><testsuites name="pytest tests"><testsuite name="pytest" errors="0" failures="0" skipped="0" tests="18" time="8.136" timestamp="2026-08-26T16:17:27.599629+00:00" hostname="agent-env-d07b6c44-25b8-436f-8159-d064cb0aecda"><testcase classname="tests.backend_test" name="test_root" time="0.595" /><testcase classname="tests.backend_test" name="test_login_invalid" time="0.425" /><testcase classname="tests.backend_test" name="test_me_requires_auth" time="0.250" /><testcase classname="tests.backend_test" name="test_me_with_token" time="0.641" /><testcase classname="tests.backend_test" name="test_courses_seeded" time="0.218" /><testcase classname="tests.backend_test" name="test_events_seeded" time="0.150" /><testcase classname="tests.backend_test" name="test_articles_seeded" time="0.232" /><testcase classname="tests.backend_test" name="test_unknown_collection" time="0.150" /><testcase classname="tests.backend_test" name="test_contact_form_and_admin" time="0.368" /><testcase classname="tests.backend_test" name="test_agency_enquiry_and_admin" time="0.378" /><testcase classname="tests.backend_test" name="test_trial_class_and_admin" time="0.491" /><testcase classname="tests.backend_test" name="test_application_and_admin" time="0.623" /><testcase classname="tests.backend_test" name="test_newsletter_and_dedupe" time="0.448" /><testcase classname="tests.backend_test" name="test_community_and_admin" time="1.632" /><testcase classname="tests.backend_test" name="test_admin_applications_requires_auth" time="0.159" /><testcase classname="tests.backend_test" name="test_admin_unknown_collection" time="0.168" /><testcase classname="tests.backend_test" name="test_search_music" time="0.422" /><testcase classname="tests.backend_test" name="test_search_min_length" time="0.145" /></testsuite></testsuites>